<?xml version="1.0" encoding="UTF-8"?>
<!-- Generated by org.testng.reporters.JUnitReportReporter -->
<testsuite hostname="Venkat" failures="0" tests="2" name="FirstSelenium1.Sample.SecondTest" time="0.017" errors="0" timestamp="2024-07-11T21:48:28 IST" skipped="0">
  <testcase classname="FirstSelenium1.Sample.SecondTest" name="run" time="0.015"/>
  <testcase classname="FirstSelenium1.Sample.SecondTest" name="sun" time="0.002"/>
</testsuite> <!-- FirstSelenium1.Sample.SecondTest -->
