<?xml version="1.0" encoding="UTF-8"?>
<!-- Generated by org.testng.reporters.JUnitReportReporter -->
<testsuite hostname="Venkat" failures="0" tests="1" name="FirstSelenium1.Sample.FirstTest" time="0.014" errors="0" timestamp="2024-07-11T21:47:37 IST" skipped="0">
  <testcase classname="FirstSelenium1.Sample.FirstTest" name="sun" time="0.014"/>
</testsuite> <!-- FirstSelenium1.Sample.FirstTest -->
