<?xml version="1.0" encoding="UTF-8"?>
<!-- Generated by org.testng.reporters.JUnitReportReporter -->
<testsuite hostname="Venkat" failures="0" tests="5" name="FirstSelenium1.Sample.FirstTest" time="0.007" errors="0" timestamp="2024-07-16T20:36:05 IST" skipped="0">
  <testcase classname="FirstSelenium1.Sample.FirstTest" name="dus" time="0.006"/>
  <testcase classname="FirstSelenium1.Sample.FirstTest" name="run" time="0.000"/>
  <testcase classname="FirstSelenium1.Sample.FirstTest" name="sun" time="0.000"/>
  <testcase classname="FirstSelenium1.Sample.FirstTest" name="dus1" time="0.000"/>
  <testcase classname="FirstSelenium1.Sample.FirstTest" name="run" time="0.001"/>
</testsuite> <!-- FirstSelenium1.Sample.FirstTest -->
