<?xml version="1.0" encoding="UTF-8"?>
<!-- Generated by org.testng.reporters.JUnitReportReporter -->
<testsuite hostname="Venkat" failures="0" tests="2" name="FirstSelenium1.Sample.SecondTest" time="0.007" errors="0" timestamp="2024-07-16T20:36:05 IST" skipped="0">
  <testcase classname="FirstSelenium1.Sample.SecondTest" name="sun" time="0.001"/>
  <testcase classname="FirstSelenium1.Sample.SecondTest" name="run" time="0.006"/>
</testsuite> <!-- FirstSelenium1.Sample.SecondTest -->
